 Enter number of dimensions and power of 2 for each
Version  CPU sec   Mflops  Error     Comments
scft       0.000    3.595  0.00E+00  Correct answer from Numerical Recipes   
    0   16    -0.297     0.000     1.000     0.000    -0.297    -0.500
    8    0    -0.003     0.000     1.000     0.000    -0.003     0.271
    4   16     0.076     0.000     1.000     0.000     0.076     0.010
   12    0    -0.337     0.000     1.000     0.000    -0.337     0.124
    2   16    -0.039     0.000     1.000     0.000    -0.039    -0.362
   10    0     0.453     0.000     1.000     0.000     0.453     0.404
    6   16     0.176     0.000     1.000     0.000     0.176     0.423
   14    0     0.104     0.000     1.000     0.000     0.104    -0.052
    1   16     0.694     0.000     1.000     0.000     0.694     0.412
    9    0    -0.334     0.000     1.000     0.000    -0.334     0.161
    5   16     0.012     0.000     1.000     0.000     0.012    -0.037
   13    0     0.215     0.000     1.000     0.000     0.215    -0.336
    3   16     0.586     0.000     1.000     0.000     0.586     0.200
   11    0    -0.006     0.000     1.000     0.000    -0.006     0.298
    7   16     0.064     0.000     1.000     0.000     0.064     0.030
   15    0     0.233     0.000     1.000     0.000     0.233     0.271
fftz       0.002    0.157  1.67E+00  Do radix-16 in a loop vs s              
ffty       0.000    1.429  8.31E-07  Use second dimension for flip/flop      
fftx       0.000    1.455  8.31E-07  Improve handling of long bit reversals  
fftw       0.000    2.370  8.31E-07  Like fftd but do bit reversal once      
fftv       0.000    1.245  4.98E-07  Do radix-8 for completeness             
fftu       0.000    0.669  8.31E-07  Do radix-32 as radix-4s and radix-2 vs t
fftt       0.000    1.185  8.31E-07  Do radix-32 with in-place method vs l   
    -0.297    -0.500
    -0.003     0.271
     0.076     0.010
    -0.337     0.124
     0.149    -0.110
     0.453     0.404
     0.176     0.423
     0.104    -0.052
     0.363    -0.181
    -0.334     0.161
     0.012    -0.037
     0.215    -0.336
     0.195    -0.494
    -0.006     0.298
     0.064     0.030
     0.233     0.271
ffts       0.001    0.409  4.23E-07  Do radix-16 as 2 radix-4 vs r           
